
C:\Users\aawan\Documents\SystemCouplingCosimulation\implicitModel>REM

C:\Users\aawan\Documents\SystemCouplingCosimulation\implicitModel>REM Copyright ANSYS, Inc. Unauthorized use, distribution, or duplication is prohibited. 

C:\Users\aawan\Documents\SystemCouplingCosimulation\implicitModel>REM
engine.py
1
engine.E1.h: -151.06655748740656
engine.E1.P: 100000.0
engine.E1.T: 298
engine.E1.R: 287.0511382180156
engine.E2.h: -151.06655748740656
engine.E2.P: 100000.0
engine.E2.T: 298

2
engine.E1.h: -151.06655748740656
engine.E1.P: 100579.87923051036
engine.E1.T: 313
engine.E1.R: 287.0511382180156
engine.E2.h: -151.06655748740656
engine.E2.P: 100000.0
engine.E2.T: 298.0

3
engine.E1.h: 342.92630189306635
engine.E1.P: 101740.99659531772
engine.E1.T: 313
engine.E1.R: 287.0511382180156
engine.E2.h: -157.5260580373145
engine.E2.P: 102621.26791495181
engine.E2.T: 303.2834402373251

4
engine.E1.h: 1336.117530972193
engine.E1.P: 102986.96023092001
engine.E1.T: 313
engine.E1.R: 287.0511382180156
engine.E2.h: 5411.9359844384035
engine.E2.P: 107197.4297716203
engine.E2.T: 313.72741135177534

5
engine.E1.h: 2416.375191273034
engine.E1.P: 104328.02367303503
engine.E1.T: 313
engine.E1.R: 287.0511382180156
engine.E2.h: 16502.6311521634
engine.E2.P: 111606.09266739203
engine.E2.T: 323.93404270081083

6
engine.E1.h: 3586.530248471923
engine.E1.P: 105663.33760901519
engine.E1.T: 313
engine.E1.R: 287.0511382180156
engine.E2.h: 27452.130114333366
engine.E2.P: 115947.20987932185
engine.E2.T: 333.9739297209624

7
engine.E1.h: 4747.721662145224
engine.E1.P: 106966.50985921452
engine.E1.T: 313
engine.E1.R: 287.0511382180156
engine.E2.h: 38327.75676726101
engine.E2.P: 120278.12557493539
engine.E2.T: 343.9099537628901

8
engine.E1.h: 5874.045167385945
engine.E1.P: 108243.03575181225
engine.E1.T: 313
engine.E1.R: 287.0511382180156
engine.E2.h: 49188.970344663845
engine.E2.P: 124586.73584233127
engine.E2.T: 353.741959222613

9
engine.E1.h: 6970.689456647499
engine.E1.P: 109504.67419307625
engine.E1.T: 313
engine.E1.R: 287.0511382180156
engine.E2.h: 60030.49046506294
engine.E2.P: 128868.83980868448
engine.E2.T: 363.46817374577694

10
engine.E1.h: 8049.04361971405
engine.E1.P: 110759.238114365
engine.E1.T: 313
engine.E1.R: 287.0511382180156
engine.E2.h: 70847.10971134709
engine.E2.P: 133122.54770854276
engine.E2.T: 373.08739410487385


[0.0, 0.001, 0.002, 0.003, 0.004, 0.005, 0.006, 0.007, 0.008, 0.009000000000000001, 0.01, 0.0, 0.0, 0.0, 0.0, 0.0]
[0.0, 186.9752751181133, 189.68257390034063, 192.30232977469268, 195.23523882653322, 198.1883061609787, 201.07731856883456, 203.91815950076784, 206.7435236091322, 209.57526701737777, 212.41914825227693, 0.0, 0.0, 0.0, 0.0, 0.0]
[0.0, 0.037088564028679286, 0.037516722981135106, 0.037976168771187556, 0.0384706823629708, 0.03896307583959733, 0.03944361715473598, 0.03991433269609563, 0.04037955852921304, 0.040842175651830084, 0.041302918474327786, 0.0, 0.0, 0.0, 0.0, 0.0]
[0.0, 0.042003256958679284, 0.042431415911135105, 0.042890861701187555, 0.0433853752929708, 0.04387776876959733, 0.04435831008473598, 0.04482902562609563, 0.045294251459213036, 0.04575686858183008, 0.046217611404327785, 0.0, 0.0, 0.0, 0.0, 0.0]
[0.0, 1.9081778991840945, 1.8864008518970798, 1.8635786726778576, 1.8396236782147595, 1.8163755470269212, 1.794246656293349, 1.7730868440379264, 1.7526585423364531, 1.732806273478451, 1.7134764516940553, 0.0, 0.0, 0.0, 0.0, 0.0]
[0.0, 100579.87923051036, 101740.99659531772, 102986.96023092001, 104328.02367303503, 105663.33760901519, 106966.50985921452, 108243.03575181225, 109504.67419307625, 110759.238114365, 112008.71915135821, 0.0, 0.0, 0.0, 0.0, 0.0]
[0.0, 100000.0, 102621.26791495181, 107197.4297716203, 111606.09266739203, 115947.20987932185, 120278.12557493539, 124586.73584233127, 128868.83980868448, 133122.54770854276, 137345.53299930977, 0.0, 0.0, 0.0, 0.0, 0.0]
[0.0, 313.0, 313.0, 313.0, 313.0, 313.0, 313.0, 313.0, 313.0, 313.0, 313.0, 0.0, 0.0, 0.0, 0.0, 0.0]
[0.0, 2000.0000000000002, 2000.0000000000002, 2000.0000000000002, 2000.0000000000002, 2000.0000000000002, 2000.0000000000002, 2000.0000000000002, 2000.0000000000002, 2000.0000000000002, 2000.0000000000002, 0.0, 0.0, 0.0, 0.0, 0.0]

