
C:\Users\aawan\Documents\SystemCouplingCosimulation\implicitModel>REM

C:\Users\aawan\Documents\SystemCouplingCosimulation\implicitModel>REM Copyright ANSYS, Inc. Unauthorized use, distribution, or duplication is prohibited. 

C:\Users\aawan\Documents\SystemCouplingCosimulation\implicitModel>REM
RCIntake.py
1
intake.E1.h: -151.06655748740656
intake.E1.P: 100000.0
intake.E1.T: 298
intake.E1.R: 287.0511382180156
intake.E2.h: -151.06655748740656
intake.E2.P: 100000.0
intake.E2.T: 298
intake.E2.R: 287.0511382180156
volumeIntake.F1.Qm: 0
volumeIntake.F1.Qmh: -0.0
volumeIntake.F2.Qm: 0
volumeIntake.F2.Qmh: -0.0

2
intake.E1.h: -151.06655748740656
intake.E1.P: 102197.13201805466
intake.E1.T: 299.83732801447115
intake.E1.R: 287.0511382180156
intake.E2.h: -151.06655748740656
intake.E2.P: 100000.0
intake.E2.T: 298
intake.E2.R: 287.0511382180156
volumeIntake.F1.Qm: 0.06552836407377355
volumeIntake.F1.Qmh: -9.899144378406419
volumeIntake.F2.Qm: 0.0
volumeIntake.F2.Qmh: 0.0

3
intake.E1.h: 1699.3913839611942
intake.E1.P: 105649.13675571296
intake.E1.T: 302.73344789022457
intake.E1.R: 287.0511382180156
intake.E2.h: -151.06655748740656
intake.E2.P: 100579.87923051036
intake.E2.T: 298.4905016959062
intake.E2.R: 287.0511382180156
volumeIntake.F1.Qm: 0.10191214982443977
volumeIntake.F1.Qmh: 173.18862933261528
volumeIntake.F2.Qm: -0.037088564028679286
volumeIntake.F2.Qmh: 5.602841689963838

4
intake.E1.h: 4616.509040984908
intake.E1.P: 107591.3714842158
intake.E1.T: 304.49981336051553
intake.E1.R: 287.0511382180156
intake.E2.h: 342.92630189306635
intake.E2.P: 101740.99659531772
intake.E2.T: 299.4766431162379
intake.E2.R: 287.0511382180156
volumeIntake.F1.Qm: 0.1108486736865232
volumeIntake.F1.Qmh: 511.7339042550202
volumeIntake.F2.Qm: -0.037516722981135106
volumeIntake.F2.Qmh: -12.865471071067278

5
intake.E1.h: 6395.871222122014
intake.E1.P: 108857.20363700778
intake.E1.T: 305.839218542637
intake.E1.R: 287.0511382180156
intake.E2.h: 1336.117530972193
intake.E2.P: 102986.96023092001
intake.E2.T: 300.54918548759457
intake.E2.R: 287.0511382180156
volumeIntake.F1.Qm: 0.1118511087027574
volumeIntake.F1.Qmh: 715.3852873144072
volumeIntake.F2.Qm: -0.037976168771187556
volumeIntake.F2.Qmh: -50.740624854342414

6
intake.E1.h: 7745.231678536503
intake.E1.P: 109965.07592072699
intake.E1.T: 307.1072656265325
intake.E1.R: 287.0511382180156
intake.E2.h: 2416.375191273034
intake.E2.P: 104328.02367303503
intake.E2.T: 301.7109260196238
intake.E2.R: 287.0511382180156
volumeIntake.F1.Qm: 0.11026532386856497
volumeIntake.F1.Qmh: 854.0304794708966
volumeIntake.F2.Qm: -0.0384706823629708
volumeIntake.F2.Qmh: -92.9596024532277

7
intake.E1.h: 9022.785582982875
intake.E1.P: 111072.86813936323
intake.E1.T: 308.41115170540724
intake.E1.R: 287.0511382180156
intake.E2.h: 3586.530248471923
intake.E2.P: 105663.33760901519
intake.E2.T: 302.86370710266897
intake.E2.R: 287.0511382180156
volumeIntake.F1.Qm: 0.1086440487031741
volumeIntake.F1.Qmh: 980.2719563158886
volumeIntake.F2.Qm: -0.03896307583959733
volumeIntake.F2.Qmh: -139.7422500722214

8
intake.E1.h: 10336.532408333856
intake.E1.P: 112220.89415691345
intake.E1.T: 309.77628223286143
intake.E1.R: 287.0511382180156
intake.E2.h: 4747.721662145224
intake.E2.P: 106966.50985921452
intake.E2.T: 303.981814045421
intake.E2.R: 287.0511382180156
volumeIntake.F1.Qm: 0.10770471559010082
volumeIntake.F1.Qmh: 1113.293283227458
volumeIntake.F2.Qm: -0.03944361715473598
volumeIntake.F2.Qmh: -187.267315598903

9
intake.E1.h: 11712.0817880593
intake.E1.P: 113399.45396430772
intake.E1.T: 311.1912802538316
intake.E1.R: 287.0511382180156
intake.E2.h: 5874.045167385945
intake.E2.P: 108243.03575181225
intake.E2.T: 305.07040136082634
intake.E2.R: 287.0511382180156
volumeIntake.F1.Qm: 0.10732622423285391
volumeIntake.F1.Qmh: 1257.013516218777
volumeIntake.F2.Qm: -0.03991433269609563
volumeIntake.F2.Qmh: -234.45859308293535

10
intake.E1.h: 13137.98436554563
intake.E1.P: 114588.3419033842
intake.E1.T: 312.637331280661
intake.E1.R: 287.0511382180156
intake.E2.h: 6970.689456647499
intake.E2.P: 109504.67419307625
intake.E2.T: 306.1407769356195
intake.E2.R: 287.0511382180156
volumeIntake.F1.Qm: 0.1071855938052395
volumeIntake.F1.Qmh: 1408.202655624961
volumeIntake.F2.Qm: -0.04037955852921304
volumeIntake.F2.Qmh: -281.47336290366593

